# JRE version: OpenJDK Runtime Environment Temurin-21.0.11+10 (21.0.11+10) (build 21.0.11+10-LTS)
# Java VM: OpenJDK 64-Bit Server VM Temurin-21.0.11+10 (21.0.11+10-LTS, mixed mode, sharing, tiered, compressed oops, compressed class ptrs, parallel gc, windows-amd64)
GC Precious Log:
 CardTable entry size: 512
 CPUs: 8 total, 8 available
 Memory: 7975M
 Large Page Support: Disabled
 NUMA Support: Disabled
 Compressed Oops: Enabled (32-bit)
 Alignments: Space 512K, Generation 512K, Heap 2M
 Heap Min Capacity: 100M
 Heap Initial Capacity: 100M
 Heap Max Capacity: 2G
 Pre-touch: Disabled
 Parallel Workers: 8
Heap:
 PSYoungGen      total 5120K, used 2037K [0x00000000d5580000, 0x00000000d5d00000, 0x0000000100000000)
  eden space 3072K, 0% used [0x00000000d5580000,0x00000000d5580000,0x00000000d5880000)
  from space 2048K, 99% used [0x00000000d5b00000,0x00000000d5cfd608,0x00000000d5d00000)
  to   space 2048K, 0% used [0x00000000d5880000,0x00000000d5880000,0x00000000d5a80000)
 ParOldGen       total 348160K, used 342843K [0x0000000080000000, 0x0000000095400000, 0x00000000d5580000)
  object space 348160K, 98% used [0x0000000080000000,0x0000000094ecedb8,0x0000000095400000)
 Metaspace       used 72770K, committed 74432K, reserved 1179648K
  class space    used 7784K, committed 8512K, reserved 1048576K
GC Heap History (20 events):
Event: 212.080 GC heap before
{Heap before GC invocations=426 (full 6):
 PSYoungGen      total 3072K, used 3072K [0x00000000d5580000, 0x00000000d5a80000, 0x0000000100000000)
  eden space 2048K, 100% used [0x00000000d5580000,0x00000000d5780000,0x00000000d5780000)
  from space 1024K, 100% used [0x00000000d5780000,0x00000000d5880000,0x00000000d5880000)
  to   space 1536K, 0% used [0x00000000d5900000,0x00000000d5900000,0x00000000d5a80000)
 ParOldGen       total 348160K, used 339850K [0x0000000080000000, 0x0000000095400000, 0x00000000d5580000)
  object space 348160K, 97% used [0x0000000080000000,0x0000000094be2b90,0x0000000095400000)
 Metaspace       used 72768K, committed 74368K, reserved 1179648K
  class space    used 7784K, committed 8512K, reserved 1048576K
}
Event: 212.084 GC heap after
{Heap after GC invocations=426 (full 6):
 PSYoungGen      total 3584K, used 1211K [0x00000000d5580000, 0x00000000d5a80000, 0x0000000100000000)
  eden space 2048K, 0% used [0x00000000d5580000,0x00000000d5580000,0x00000000d5780000)
  from space 1536K, 78% used [0x00000000d5900000,0x00000000d5a2ec08,0x00000000d5a80000)
  to   space 1536K, 0% used [0x00000000d5780000,0x00000000d5780000,0x00000000d5900000)
 ParOldGen       total 348160K, used 339850K [0x0000000080000000, 0x0000000095400000, 0x00000000d5580000)
  object space 348160K, 97% used [0x0000000080000000,0x0000000094be2b90,0x0000000095400000)
 Metaspace       used 72768K, committed 74368K, reserved 1179648K
  class space    used 7784K, committed 8512K, reserved 1048576K
}
Event: 212.126 GC heap before
{Heap before GC invocations=427 (full 6):
 PSYoungGen      total 3584K, used 3259K [0x00000000d5580000, 0x00000000d5a80000, 0x0000000100000000)
  eden space 2048K, 100% used [0x00000000d5580000,0x00000000d5780000,0x00000000d5780000)
  from space 1536K, 78% used [0x00000000d5900000,0x00000000d5a2ec08,0x00000000d5a80000)
  to   space 1536K, 0% used [0x00000000d5780000,0x00000000d5780000,0x00000000d5900000)
 ParOldGen       total 348160K, used 339850K [0x0000000080000000, 0x0000000095400000, 0x00000000d5580000)
  object space 348160K, 97% used [0x0000000080000000,0x0000000094be2b90,0x0000000095400000)
 Metaspace       used 72768K, committed 74368K, reserved 1179648K
  class space    used 7784K, committed 8512K, reserved 1048576K
}
Event: 212.129 GC heap after
{Heap after GC invocations=427 (full 6):
 PSYoungGen      total 3584K, used 1531K [0x00000000d5580000, 0x00000000d5b80000, 0x0000000100000000)
  eden space 2048K, 0% used [0x00000000d5580000,0x00000000d5580000,0x00000000d5780000)
  from space 1536K, 99% used [0x00000000d5780000,0x00000000d58fec08,0x00000000d5900000)
  to   space 2048K, 0% used [0x00000000d5980000,0x00000000d5980000,0x00000000d5b80000)
 ParOldGen       total 348160K, used 339890K [0x0000000080000000, 0x0000000095400000, 0x00000000d5580000)
  object space 348160K, 97% used [0x0000000080000000,0x0000000094becb90,0x0000000095400000)
 Metaspace       used 72768K, committed 74368K, reserved 1179648K
  class space    used 7784K, committed 8512K, reserved 1048576K
}
Event: 212.221 GC heap before
{Heap before GC invocations=428 (full 6):
 PSYoungGen      total 3584K, used 3575K [0x00000000d5580000, 0x00000000d5b80000, 0x0000000100000000)
  eden space 2048K, 99% used [0x00000000d5580000,0x00000000d577f0d0,0x00000000d5780000)
  from space 1536K, 99% used [0x00000000d5780000,0x00000000d58fec08,0x00000000d5900000)
  to   space 2048K, 0% used [0x00000000d5980000,0x00000000d5980000,0x00000000d5b80000)
 ParOldGen       total 348160K, used 339890K [0x0000000080000000, 0x0000000095400000, 0x00000000d5580000)
  object space 348160K, 97% used [0x0000000080000000,0x0000000094becb90,0x0000000095400000)
 Metaspace       used 72769K, committed 74368K, reserved 1179648K
  class space    used 7784K, committed 8512K, reserved 1048576K
}
Event: 212.225 GC heap after
{Heap after GC invocations=428 (full 6):
 PSYoungGen      total 3072K, used 563K [0x00000000d5580000, 0x00000000d5a80000, 0x0000000100000000)
  eden space 2048K, 0% used [0x00000000d5580000,0x00000000d5580000,0x00000000d5780000)
  from space 1024K, 54% used [0x00000000d5980000,0x00000000d5a0ccb0,0x00000000d5a80000)
  to   space 1024K, 0% used [0x00000000d5880000,0x00000000d5880000,0x00000000d5980000)
 ParOldGen       total 348160K, used 340194K [0x0000000080000000, 0x0000000095400000, 0x00000000d5580000)
  object space 348160K, 97% used [0x0000000080000000,0x0000000094c38b90,0x0000000095400000)
 Metaspace       used 72769K, committed 74368K, reserved 1179648K
  class space    used 7784K, committed 8512K, reserved 1048576K
}
Event: 212.238 GC heap before
{Heap before GC invocations=429 (full 6):
 PSYoungGen      total 3072K, used 2611K [0x00000000d5580000, 0x00000000d5a80000, 0x0000000100000000)
  eden space 2048K, 100% used [0x00000000d5580000,0x00000000d5780000,0x00000000d5780000)
  from space 1024K, 54% used [0x00000000d5980000,0x00000000d5a0ccb0,0x00000000d5a80000)
  to   space 1024K, 0% used [0x00000000d5880000,0x00000000d5880000,0x00000000d5980000)
 ParOldGen       total 348160K, used 340194K [0x0000000080000000, 0x0000000095400000, 0x00000000d5580000)
  object space 348160K, 97% used [0x0000000080000000,0x0000000094c38b90,0x0000000095400000)
 Metaspace       used 72770K, committed 74432K, reserved 1179648K
  class space    used 7784K, committed 8512K, reserved 1048576K
}
Event: 212.241 GC heap after
{Heap after GC invocations=429 (full 6):
 PSYoungGen      total 3584K, used 723K [0x00000000d5580000, 0x00000000d5a00000, 0x0000000100000000)
  eden space 2560K, 0% used [0x00000000d5580000,0x00000000d5580000,0x00000000d5800000)
  from space 1024K, 70% used [0x00000000d5880000,0x00000000d5934cb0,0x00000000d5980000)
  to   space 512K, 0% used [0x00000000d5980000,0x00000000d5980000,0x00000000d5a00000)
 ParOldGen       total 348160K, used 340194K [0x0000000080000000, 0x0000000095400000, 0x00000000d5580000)
  object space 348160K, 97% used [0x0000000080000000,0x0000000094c38b90,0x0000000095400000)
 Metaspace       used 72770K, committed 74432K, reserved 1179648K
  class space    used 7784K, committed 8512K, reserved 1048576K
}
Event: 212.261 GC heap before
{Heap before GC invocations=430 (full 6):
 PSYoungGen      total 3584K, used 3283K [0x00000000d5580000, 0x00000000d5a00000, 0x0000000100000000)
  eden space 2560K, 100% used [0x00000000d5580000,0x00000000d5800000,0x00000000d5800000)
  from space 1024K, 70% used [0x00000000d5880000,0x00000000d5934cb0,0x00000000d5980000)
  to   space 512K, 0% used [0x00000000d5980000,0x00000000d5980000,0x00000000d5a00000)
 ParOldGen       total 348160K, used 340194K [0x0000000080000000, 0x0000000095400000, 0x00000000d5580000)
  object space 348160K, 97% used [0x0000000080000000,0x0000000094c38b90,0x0000000095400000)
 Metaspace       used 72770K, committed 74432K, reserved 1179648K
  class space    used 7784K, committed 8512K, reserved 1048576K
}
Event: 212.265 GC heap after
{Heap after GC invocations=430 (full 6):
 PSYoungGen      total 3584K, used 499K [0x00000000d5580000, 0x00000000d5a80000, 0x0000000100000000)
  eden space 3072K, 0% used [0x00000000d5580000,0x00000000d5580000,0x00000000d5880000)
  from space 512K, 97% used [0x00000000d5980000,0x00000000d59fccb0,0x00000000d5a00000)
  to   space 1024K, 0% used [0x00000000d5880000,0x00000000d5880000,0x00000000d5980000)
 ParOldGen       total 348160K, used 340642K [0x0000000080000000, 0x0000000095400000, 0x00000000d5580000)
  object space 348160K, 97% used [0x0000000080000000,0x0000000094ca8b90,0x0000000095400000)
 Metaspace       used 72770K, committed 74432K, reserved 1179648K
  class space    used 7784K, committed 8512K, reserved 1048576K
}
Event: 212.296 GC heap before
{Heap before GC invocations=431 (full 6):
 PSYoungGen      total 3584K, used 3571K [0x00000000d5580000, 0x00000000d5a80000, 0x0000000100000000)
  eden space 3072K, 100% used [0x00000000d5580000,0x00000000d5880000,0x00000000d5880000)
  from space 512K, 97% used [0x00000000d5980000,0x00000000d59fccb0,0x00000000d5a00000)
  to   space 1024K, 0% used [0x00000000d5880000,0x00000000d5880000,0x00000000d5980000)
 ParOldGen       total 348160K, used 340642K [0x0000000080000000, 0x0000000095400000, 0x00000000d5580000)
  object space 348160K, 97% used [0x0000000080000000,0x0000000094ca8b90,0x0000000095400000)
 Metaspace       used 72770K, committed 74432K, reserved 1179648K
  class space    used 7784K, committed 8512K, reserved 1048576K
}
Event: 212.299 GC heap after
{Heap after GC invocations=431 (full 6):
 PSYoungGen      total 4096K, used 846K [0x00000000d5580000, 0x00000000d5b00000, 0x0000000100000000)
  eden space 3072K, 0% used [0x00000000d5580000,0x00000000d5580000,0x00000000d5880000)
  from space 1024K, 82% used [0x00000000d5880000,0x00000000d59538b8,0x00000000d5980000)
  to   space 1024K, 0% used [0x00000000d5a00000,0x00000000d5a00000,0x00000000d5b00000)
 ParOldGen       total 348160K, used 340714K [0x0000000080000000, 0x0000000095400000, 0x00000000d5580000)
  object space 348160K, 97% used [0x0000000080000000,0x0000000094cbab90,0x0000000095400000)
 Metaspace       used 72770K, committed 74432K, reserved 1179648K
  class space    used 7784K, committed 8512K, reserved 1048576K
}
Event: 212.329 GC heap before
{Heap before GC invocations=432 (full 6):
 PSYoungGen      total 4096K, used 3918K [0x00000000d5580000, 0x00000000d5b00000, 0x0000000100000000)
  eden space 3072K, 100% used [0x00000000d5580000,0x00000000d5880000,0x00000000d5880000)
  from space 1024K, 82% used [0x00000000d5880000,0x00000000d59538b8,0x00000000d5980000)
  to   space 1024K, 0% used [0x00000000d5a00000,0x00000000d5a00000,0x00000000d5b00000)
 ParOldGen       total 348160K, used 340714K [0x0000000080000000, 0x0000000095400000, 0x00000000d5580000)
  object space 348160K, 97% used [0x0000000080000000,0x0000000094cbab90,0x0000000095400000)
 Metaspace       used 72770K, committed 74432K, reserved 1179648K
  class space    used 7784K, committed 8512K, reserved 1048576K
}
Event: 212.332 GC heap after
{Heap after GC invocations=432 (full 6):
 PSYoungGen      total 4096K, used 1001K [0x00000000d5580000, 0x00000000d5c00000, 0x0000000100000000)
  eden space 3072K, 0% used [0x00000000d5580000,0x00000000d5580000,0x00000000d5880000)
  from space 1024K, 97% used [0x00000000d5a00000,0x00000000d5afa4b8,0x00000000d5b00000)
  to   space 1536K, 0% used [0x00000000d5880000,0x00000000d5880000,0x00000000d5a00000)
 ParOldGen       total 348160K, used 340826K [0x0000000080000000, 0x0000000095400000, 0x00000000d5580000)
  object space 348160K, 97% used [0x0000000080000000,0x0000000094cd6b90,0x0000000095400000)
 Metaspace       used 72770K, committed 74432K, reserved 1179648K
  class space    used 7784K, committed 8512K, reserved 1048576K
}
Event: 212.356 GC heap before
{Heap before GC invocations=433 (full 6):
 PSYoungGen      total 4096K, used 4073K [0x00000000d5580000, 0x00000000d5c00000, 0x0000000100000000)
  eden space 3072K, 100% used [0x00000000d5580000,0x00000000d5880000,0x00000000d5880000)
  from space 1024K, 97% used [0x00000000d5a00000,0x00000000d5afa4b8,0x00000000d5b00000)
  to   space 1536K, 0% used [0x00000000d5880000,0x00000000d5880000,0x00000000d5a00000)
 ParOldGen       total 348160K, used 340826K [0x0000000080000000, 0x0000000095400000, 0x00000000d5580000)
  object space 348160K, 97% used [0x0000000080000000,0x0000000094cd6b90,0x0000000095400000)
 Metaspace       used 72770K, committed 74432K, reserved 1179648K
  class space    used 7784K, committed 8512K, reserved 1048576K
}
Event: 212.360 GC heap after
{Heap after GC invocations=433 (full 6):
 PSYoungGen      total 4608K, used 1417K [0x00000000d5580000, 0x00000000d5c00000, 0x0000000100000000)
  eden space 3072K, 0% used [0x00000000d5580000,0x00000000d5580000,0x00000000d5880000)
  from space 1536K, 92% used [0x00000000d5880000,0x00000000d59e24b8,0x00000000d5a00000)
  to   space 1536K, 0% used [0x00000000d5a80000,0x00000000d5a80000,0x00000000d5c00000)
 ParOldGen       total 348160K, used 340866K [0x0000000080000000, 0x0000000095400000, 0x00000000d5580000)
  object space 348160K, 97% used [0x0000000080000000,0x0000000094ce0b90,0x0000000095400000)
 Metaspace       used 72770K, committed 74432K, reserved 1179648K
  class space    used 7784K, committed 8512K, reserved 1048576K
}
Event: 212.379 GC heap before
{Heap before GC invocations=434 (full 6):
 PSYoungGen      total 4608K, used 4489K [0x00000000d5580000, 0x00000000d5c00000, 0x0000000100000000)
  eden space 3072K, 100% used [0x00000000d5580000,0x00000000d5880000,0x00000000d5880000)
  from space 1536K, 92% used [0x00000000d5880000,0x00000000d59e24b8,0x00000000d5a00000)
  to   space 1536K, 0% used [0x00000000d5a80000,0x00000000d5a80000,0x00000000d5c00000)
 ParOldGen       total 348160K, used 340866K [0x0000000080000000, 0x0000000095400000, 0x00000000d5580000)
  object space 348160K, 97% used [0x0000000080000000,0x0000000094ce0b90,0x0000000095400000)
 Metaspace       used 72770K, committed 74432K, reserved 1179648K
  class space    used 7784K, committed 8512K, reserved 1048576K
}
Event: 212.382 GC heap after
{Heap after GC invocations=434 (full 6):
 PSYoungGen      total 4608K, used 1513K [0x00000000d5580000, 0x00000000d5d00000, 0x0000000100000000)
  eden space 3072K, 0% used [0x00000000d5580000,0x00000000d5580000,0x00000000d5880000)
  from space 1536K, 98% used [0x00000000d5a80000,0x00000000d5bfa4b8,0x00000000d5c00000)
  to   space 2048K, 0% used [0x00000000d5880000,0x00000000d5880000,0x00000000d5a80000)
 ParOldGen       total 348160K, used 340922K [0x0000000080000000, 0x0000000095400000, 0x00000000d5580000)
  object space 348160K, 97% used [0x0000000080000000,0x0000000094ceeb90,0x0000000095400000)
 Metaspace       used 72770K, committed 74432K, reserved 1179648K
  class space    used 7784K, committed 8512K, reserved 1048576K
}
Event: 212.566 GC heap before
{Heap before GC invocations=435 (full 6):
 PSYoungGen      total 4608K, used 4585K [0x00000000d5580000, 0x00000000d5d00000, 0x0000000100000000)
  eden space 3072K, 100% used [0x00000000d5580000,0x00000000d5880000,0x00000000d5880000)
  from space 1536K, 98% used [0x00000000d5a80000,0x00000000d5bfa4b8,0x00000000d5c00000)
  to   space 2048K, 0% used [0x00000000d5880000,0x00000000d5880000,0x00000000d5a80000)
 ParOldGen       total 348160K, used 340922K [0x0000000080000000, 0x0000000095400000, 0x00000000d5580000)
  object space 348160K, 97% used [0x0000000080000000,0x0000000094ceeb90,0x0000000095400000)
 Metaspace       used 72770K, committed 74432K, reserved 1179648K
  class space    used 7784K, committed 8512K, reserved 1048576K
}
Event: 212.571 GC heap after
{Heap after GC invocations=435 (full 6):
 PSYoungGen      total 5120K, used 1910K [0x00000000d5580000, 0x00000000d5d00000, 0x0000000100000000)
  eden space 3072K, 0% used [0x00000000d5580000,0x00000000d5580000,0x00000000d5880000)
  from space 2048K, 93% used [0x00000000d5880000,0x00000000d5a5d808,0x00000000d5a80000)
  to   space 2048K, 0% used [0x00000000d5b00000,0x00000000d5b00000,0x00000000d5d00000)
 ParOldGen       total 348160K, used 341182K [0x0000000080000000, 0x0000000095400000, 0x00000000d5580000)
  object space 348160K, 97% used [0x0000000080000000,0x0000000094d2f840,0x0000000095400000)
 Metaspace       used 72770K, committed 74432K, reserved 1179648K
  class space    used 7784K, committed 8512K, reserved 1048576K
}

