# JRE version: OpenJDK Runtime Environment Temurin-21.0.11+10 (21.0.11+10) (build 21.0.11+10-LTS)
# Java VM: OpenJDK 64-Bit Server VM Temurin-21.0.11+10 (21.0.11+10-LTS, mixed mode, sharing, tiered, compressed oops, compressed class ptrs, parallel gc, windows-amd64)
GC Precious Log:
 CardTable entry size: 512
 CPUs: 8 total, 8 available
 Memory: 7975M
 Large Page Support: Disabled
 NUMA Support: Disabled
 Compressed Oops: Enabled (32-bit)
 Alignments: Space 512K, Generation 512K, Heap 2M
 Heap Min Capacity: 100M
 Heap Initial Capacity: 100M
 Heap Max Capacity: 2G
 Pre-touch: Disabled
 Parallel Workers: 8
Heap:
 PSYoungGen      total 3072K, used 2834K [0x00000000d5580000, 0x00000000d5980000, 0x0000000100000000)
  eden space 2560K, 93% used [0x00000000d5580000,0x00000000d57d48a8,0x00000000d5800000)
  from space 512K, 87% used [0x00000000d5900000,0x00000000d5970000,0x00000000d5980000)
  to   space 512K, 0% used [0x00000000d5880000,0x00000000d5880000,0x00000000d5900000)
 ParOldGen       total 471040K, used 470622K [0x0000000080000000, 0x000000009cc00000, 0x00000000d5580000)
  object space 471040K, 99% used [0x0000000080000000,0x000000009cb97ba8,0x000000009cc00000)
 Metaspace       used 61381K, committed 62848K, reserved 1114112K
  class space    used 6495K, committed 7104K, reserved 1048576K
GC Heap History (20 events):
Event: 68.161 GC heap before
{Heap before GC invocations=612 (full 3):
 PSYoungGen      total 3072K, used 2944K [0x00000000d5580000, 0x00000000d5980000, 0x0000000100000000)
  eden space 2560K, 100% used [0x00000000d5580000,0x00000000d5800000,0x00000000d5800000)
  from space 512K, 75% used [0x00000000d5900000,0x00000000d5960000,0x00000000d5980000)
  to   space 512K, 0% used [0x00000000d5800000,0x00000000d5800000,0x00000000d5880000)
 ParOldGen       total 467968K, used 467504K [0x0000000080000000, 0x000000009c900000, 0x00000000d5580000)
  object space 467968K, 99% used [0x0000000080000000,0x000000009c88c0e8,0x000000009c900000)
 Metaspace       used 61377K, committed 62848K, reserved 1114112K
  class space    used 6495K, committed 7104K, reserved 1048576K
}
Event: 68.163 GC heap after
{Heap after GC invocations=612 (full 3):
 PSYoungGen      total 3072K, used 416K [0x00000000d5580000, 0x00000000d5980000, 0x0000000100000000)
  eden space 2560K, 0% used [0x00000000d5580000,0x00000000d5580000,0x00000000d5800000)
  from space 512K, 81% used [0x00000000d5800000,0x00000000d5868000,0x00000000d5880000)
  to   space 512K, 0% used [0x00000000d5900000,0x00000000d5900000,0x00000000d5980000)
 ParOldGen       total 467968K, used 467800K [0x0000000080000000, 0x000000009c900000, 0x00000000d5580000)
  object space 467968K, 99% used [0x0000000080000000,0x000000009c8d60e8,0x000000009c900000)
 Metaspace       used 61377K, committed 62848K, reserved 1114112K
  class space    used 6495K, committed 7104K, reserved 1048576K
}
Event: 68.170 GC heap before
{Heap before GC invocations=613 (full 3):
 PSYoungGen      total 3072K, used 2976K [0x00000000d5580000, 0x00000000d5980000, 0x0000000100000000)
  eden space 2560K, 100% used [0x00000000d5580000,0x00000000d5800000,0x00000000d5800000)
  from space 512K, 81% used [0x00000000d5800000,0x00000000d5868000,0x00000000d5880000)
  to   space 512K, 0% used [0x00000000d5900000,0x00000000d5900000,0x00000000d5980000)
 ParOldGen       total 467968K, used 467800K [0x0000000080000000, 0x000000009c900000, 0x00000000d5580000)
  object space 467968K, 99% used [0x0000000080000000,0x000000009c8d60e8,0x000000009c900000)
 Metaspace       used 61377K, committed 62848K, reserved 1114112K
  class space    used 6495K, committed 7104K, reserved 1048576K
}
Event: 68.172 GC heap after
{Heap after GC invocations=613 (full 3):
 PSYoungGen      total 3072K, used 511K [0x00000000d5580000, 0x00000000d5a00000, 0x0000000100000000)
  eden space 2560K, 0% used [0x00000000d5580000,0x00000000d5580000,0x00000000d5800000)
  from space 512K, 99% used [0x00000000d5900000,0x00000000d597fdd8,0x00000000d5980000)
  to   space 1024K, 0% used [0x00000000d5800000,0x00000000d5800000,0x00000000d5900000)
 ParOldGen       total 468480K, used 468152K [0x0000000080000000, 0x000000009c980000, 0x00000000d5580000)
  object space 468480K, 99% used [0x0000000080000000,0x000000009c92e0e8,0x000000009c980000)
 Metaspace       used 61377K, committed 62848K, reserved 1114112K
  class space    used 6495K, committed 7104K, reserved 1048576K
}
Event: 68.234 GC heap before
{Heap before GC invocations=614 (full 3):
 PSYoungGen      total 3072K, used 3071K [0x00000000d5580000, 0x00000000d5a00000, 0x0000000100000000)
  eden space 2560K, 100% used [0x00000000d5580000,0x00000000d5800000,0x00000000d5800000)
  from space 512K, 99% used [0x00000000d5900000,0x00000000d597fdd8,0x00000000d5980000)
  to   space 1024K, 0% used [0x00000000d5800000,0x00000000d5800000,0x00000000d5900000)
 ParOldGen       total 468480K, used 468152K [0x0000000080000000, 0x000000009c980000, 0x00000000d5580000)
  object space 468480K, 99% used [0x0000000080000000,0x000000009c92e0e8,0x000000009c980000)
 Metaspace       used 61379K, committed 62848K, reserved 1114112K
  class space    used 6495K, committed 7104K, reserved 1048576K
}
Event: 68.236 GC heap after
{Heap after GC invocations=614 (full 3):
 PSYoungGen      total 3584K, used 419K [0x00000000d5580000, 0x00000000d5a00000, 0x0000000100000000)
  eden space 2560K, 0% used [0x00000000d5580000,0x00000000d5580000,0x00000000d5800000)
  from space 1024K, 41% used [0x00000000d5800000,0x00000000d5868fa0,0x00000000d5900000)
  to   space 1024K, 0% used [0x00000000d5900000,0x00000000d5900000,0x00000000d5a00000)
 ParOldGen       total 468480K, used 468408K [0x0000000080000000, 0x000000009c980000, 0x00000000d5580000)
  object space 468480K, 99% used [0x0000000080000000,0x000000009c96e0e8,0x000000009c980000)
 Metaspace       used 61379K, committed 62848K, reserved 1114112K
  class space    used 6495K, committed 7104K, reserved 1048576K
}
Event: 68.243 GC heap before
{Heap before GC invocations=615 (full 3):
 PSYoungGen      total 3584K, used 2979K [0x00000000d5580000, 0x00000000d5a00000, 0x0000000100000000)
  eden space 2560K, 100% used [0x00000000d5580000,0x00000000d5800000,0x00000000d5800000)
  from space 1024K, 41% used [0x00000000d5800000,0x00000000d5868fa0,0x00000000d5900000)
  to   space 1024K, 0% used [0x00000000d5900000,0x00000000d5900000,0x00000000d5a00000)
 ParOldGen       total 468480K, used 468408K [0x0000000080000000, 0x000000009c980000, 0x00000000d5580000)
  object space 468480K, 99% used [0x0000000080000000,0x000000009c96e0e8,0x000000009c980000)
 Metaspace       used 61379K, committed 62848K, reserved 1114112K
  class space    used 6495K, committed 7104K, reserved 1048576K
}
Event: 68.245 GC heap after
{Heap after GC invocations=615 (full 3):
 PSYoungGen      total 3072K, used 352K [0x00000000d5580000, 0x00000000d5980000, 0x0000000100000000)
  eden space 2560K, 0% used [0x00000000d5580000,0x00000000d5580000,0x00000000d5800000)
  from space 512K, 68% used [0x00000000d5900000,0x00000000d5958000,0x00000000d5980000)
  to   space 512K, 0% used [0x00000000d5880000,0x00000000d5880000,0x00000000d5900000)
 ParOldGen       total 468992K, used 468732K [0x0000000080000000, 0x000000009ca00000, 0x00000000d5580000)
  object space 468992K, 99% used [0x0000000080000000,0x000000009c9bf088,0x000000009ca00000)
 Metaspace       used 61379K, committed 62848K, reserved 1114112K
  class space    used 6495K, committed 7104K, reserved 1048576K
}
Event: 68.255 GC heap before
{Heap before GC invocations=616 (full 3):
 PSYoungGen      total 3072K, used 2910K [0x00000000d5580000, 0x00000000d5980000, 0x0000000100000000)
  eden space 2560K, 99% used [0x00000000d5580000,0x00000000d57ffbd8,0x00000000d5800000)
  from space 512K, 68% used [0x00000000d5900000,0x00000000d5958000,0x00000000d5980000)
  to   space 512K, 0% used [0x00000000d5880000,0x00000000d5880000,0x00000000d5900000)
 ParOldGen       total 468992K, used 468732K [0x0000000080000000, 0x000000009ca00000, 0x00000000d5580000)
  object space 468992K, 99% used [0x0000000080000000,0x000000009c9bf088,0x000000009ca00000)
 Metaspace       used 61379K, committed 62848K, reserved 1114112K
  class space    used 6495K, committed 7104K, reserved 1048576K
}
Event: 68.256 GC heap after
{Heap after GC invocations=616 (full 3):
 PSYoungGen      total 3072K, used 384K [0x00000000d5580000, 0x00000000d5980000, 0x0000000100000000)
  eden space 2560K, 0% used [0x00000000d5580000,0x00000000d5580000,0x00000000d5800000)
  from space 512K, 75% used [0x00000000d5880000,0x00000000d58e0000,0x00000000d5900000)
  to   space 512K, 0% used [0x00000000d5900000,0x00000000d5900000,0x00000000d5980000)
 ParOldGen       total 469504K, used 469052K [0x0000000080000000, 0x000000009ca80000, 0x00000000d5580000)
  object space 469504K, 99% used [0x0000000080000000,0x000000009ca0f088,0x000000009ca80000)
 Metaspace       used 61379K, committed 62848K, reserved 1114112K
  class space    used 6495K, committed 7104K, reserved 1048576K
}
Event: 68.267 GC heap before
{Heap before GC invocations=617 (full 3):
 PSYoungGen      total 3072K, used 2944K [0x00000000d5580000, 0x00000000d5980000, 0x0000000100000000)
  eden space 2560K, 100% used [0x00000000d5580000,0x00000000d5800000,0x00000000d5800000)
  from space 512K, 75% used [0x00000000d5880000,0x00000000d58e0000,0x00000000d5900000)
  to   space 512K, 0% used [0x00000000d5900000,0x00000000d5900000,0x00000000d5980000)
 ParOldGen       total 469504K, used 469052K [0x0000000080000000, 0x000000009ca80000, 0x00000000d5580000)
  object space 469504K, 99% used [0x0000000080000000,0x000000009ca0f088,0x000000009ca80000)
 Metaspace       used 61379K, committed 62848K, reserved 1114112K
  class space    used 6495K, committed 7104K, reserved 1048576K
}
Event: 68.269 GC heap after
{Heap after GC invocations=617 (full 3):
 PSYoungGen      total 3072K, used 384K [0x00000000d5580000, 0x00000000d5980000, 0x0000000100000000)
  eden space 2560K, 0% used [0x00000000d5580000,0x00000000d5580000,0x00000000d5800000)
  from space 512K, 75% used [0x00000000d5900000,0x00000000d5960000,0x00000000d5980000)
  to   space 512K, 0% used [0x00000000d5880000,0x00000000d5880000,0x00000000d5900000)
 ParOldGen       total 469504K, used 469367K [0x0000000080000000, 0x000000009ca80000, 0x00000000d5580000)
  object space 469504K, 99% used [0x0000000080000000,0x000000009ca5dc90,0x000000009ca80000)
 Metaspace       used 61379K, committed 62848K, reserved 1114112K
  class space    used 6495K, committed 7104K, reserved 1048576K
}
Event: 68.282 GC heap before
{Heap before GC invocations=618 (full 3):
 PSYoungGen      total 3072K, used 2944K [0x00000000d5580000, 0x00000000d5980000, 0x0000000100000000)
  eden space 2560K, 100% used [0x00000000d5580000,0x00000000d5800000,0x00000000d5800000)
  from space 512K, 75% used [0x00000000d5900000,0x00000000d5960000,0x00000000d5980000)
  to   space 512K, 0% used [0x00000000d5880000,0x00000000d5880000,0x00000000d5900000)
 ParOldGen       total 469504K, used 469367K [0x0000000080000000, 0x000000009ca80000, 0x00000000d5580000)
  object space 469504K, 99% used [0x0000000080000000,0x000000009ca5dc90,0x000000009ca80000)
 Metaspace       used 61379K, committed 62848K, reserved 1114112K
  class space    used 6495K, committed 7104K, reserved 1048576K
}
Event: 68.283 GC heap after
{Heap after GC invocations=618 (full 3):
 PSYoungGen      total 3072K, used 352K [0x00000000d5580000, 0x00000000d5980000, 0x0000000100000000)
  eden space 2560K, 0% used [0x00000000d5580000,0x00000000d5580000,0x00000000d5800000)
  from space 512K, 68% used [0x00000000d5880000,0x00000000d58d8000,0x00000000d5900000)
  to   space 512K, 0% used [0x00000000d5900000,0x00000000d5900000,0x00000000d5980000)
 ParOldGen       total 470016K, used 469695K [0x0000000080000000, 0x000000009cb00000, 0x00000000d5580000)
  object space 470016K, 99% used [0x0000000080000000,0x000000009caafc90,0x000000009cb00000)
 Metaspace       used 61379K, committed 62848K, reserved 1114112K
  class space    used 6495K, committed 7104K, reserved 1048576K
}
Event: 68.498 GC heap before
{Heap before GC invocations=619 (full 3):
 PSYoungGen      total 3072K, used 2912K [0x00000000d5580000, 0x00000000d5980000, 0x0000000100000000)
  eden space 2560K, 100% used [0x00000000d5580000,0x00000000d5800000,0x00000000d5800000)
  from space 512K, 68% used [0x00000000d5880000,0x00000000d58d8000,0x00000000d5900000)
  to   space 512K, 0% used [0x00000000d5900000,0x00000000d5900000,0x00000000d5980000)
 ParOldGen       total 470016K, used 469695K [0x0000000080000000, 0x000000009cb00000, 0x00000000d5580000)
  object space 470016K, 99% used [0x0000000080000000,0x000000009caafc90,0x000000009cb00000)
 Metaspace       used 61381K, committed 62848K, reserved 1114112K
  class space    used 6495K, committed 7104K, reserved 1048576K
}
Event: 68.500 GC heap after
{Heap after GC invocations=619 (full 3):
 PSYoungGen      total 3072K, used 406K [0x00000000d5580000, 0x00000000d5980000, 0x0000000100000000)
  eden space 2560K, 0% used [0x00000000d5580000,0x00000000d5580000,0x00000000d5800000)
  from space 512K, 79% used [0x00000000d5900000,0x00000000d5965808,0x00000000d5980000)
  to   space 512K, 0% used [0x00000000d5880000,0x00000000d5880000,0x00000000d5900000)
 ParOldGen       total 470016K, used 469983K [0x0000000080000000, 0x000000009cb00000, 0x00000000d5580000)
  object space 470016K, 99% used [0x0000000080000000,0x000000009caf7c90,0x000000009cb00000)
 Metaspace       used 61381K, committed 62848K, reserved 1114112K
  class space    used 6495K, committed 7104K, reserved 1048576K
}
Event: 68.530 GC heap before
{Heap before GC invocations=620 (full 3):
 PSYoungGen      total 3072K, used 2966K [0x00000000d5580000, 0x00000000d5980000, 0x0000000100000000)
  eden space 2560K, 100% used [0x00000000d5580000,0x00000000d5800000,0x00000000d5800000)
  from space 512K, 79% used [0x00000000d5900000,0x00000000d5965808,0x00000000d5980000)
  to   space 512K, 0% used [0x00000000d5880000,0x00000000d5880000,0x00000000d5900000)
 ParOldGen       total 470016K, used 469983K [0x0000000080000000, 0x000000009cb00000, 0x00000000d5580000)
  object space 470016K, 99% used [0x0000000080000000,0x000000009caf7c90,0x000000009cb00000)
 Metaspace       used 61381K, committed 62848K, reserved 1114112K
  class space    used 6495K, committed 7104K, reserved 1048576K
}
Event: 68.532 GC heap after
{Heap after GC invocations=620 (full 3):
 PSYoungGen      total 3072K, used 448K [0x00000000d5580000, 0x00000000d5980000, 0x0000000100000000)
  eden space 2560K, 0% used [0x00000000d5580000,0x00000000d5580000,0x00000000d5800000)
  from space 512K, 87% used [0x00000000d5880000,0x00000000d58f0000,0x00000000d5900000)
  to   space 512K, 0% used [0x00000000d5900000,0x00000000d5900000,0x00000000d5980000)
 ParOldGen       total 470528K, used 470262K [0x0000000080000000, 0x000000009cb80000, 0x00000000d5580000)
  object space 470528K, 99% used [0x0000000080000000,0x000000009cb3dba8,0x000000009cb80000)
 Metaspace       used 61381K, committed 62848K, reserved 1114112K
  class space    used 6495K, committed 7104K, reserved 1048576K
}
Event: 68.543 GC heap before
{Heap before GC invocations=621 (full 3):
 PSYoungGen      total 3072K, used 3005K [0x00000000d5580000, 0x00000000d5980000, 0x0000000100000000)
  eden space 2560K, 99% used [0x00000000d5580000,0x00000000d57ff7e0,0x00000000d5800000)
  from space 512K, 87% used [0x00000000d5880000,0x00000000d58f0000,0x00000000d5900000)
  to   space 512K, 0% used [0x00000000d5900000,0x00000000d5900000,0x00000000d5980000)
 ParOldGen       total 470528K, used 470262K [0x0000000080000000, 0x000000009cb80000, 0x00000000d5580000)
  object space 470528K, 99% used [0x0000000080000000,0x000000009cb3dba8,0x000000009cb80000)
 Metaspace       used 61381K, committed 62848K, reserved 1114112K
  class space    used 6495K, committed 7104K, reserved 1048576K
}
Event: 68.545 GC heap after
{Heap after GC invocations=621 (full 3):
 PSYoungGen      total 3072K, used 448K [0x00000000d5580000, 0x00000000d5980000, 0x0000000100000000)
  eden space 2560K, 0% used [0x00000000d5580000,0x00000000d5580000,0x00000000d5800000)
  from space 512K, 87% used [0x00000000d5900000,0x00000000d5970000,0x00000000d5980000)
  to   space 512K, 0% used [0x00000000d5880000,0x00000000d5880000,0x00000000d5900000)
 ParOldGen       total 471040K, used 470622K [0x0000000080000000, 0x000000009cc00000, 0x00000000d5580000)
  object space 471040K, 99% used [0x0000000080000000,0x000000009cb97ba8,0x000000009cc00000)
 Metaspace       used 61381K, committed 62848K, reserved 1114112K
  class space    used 6495K, committed 7104K, reserved 1048576K
}

