# JRE version: OpenJDK Runtime Environment Temurin-21.0.11+10 (21.0.11+10) (build 21.0.11+10-LTS)
# Java VM: OpenJDK 64-Bit Server VM Temurin-21.0.11+10 (21.0.11+10-LTS, mixed mode, sharing, tiered, compressed oops, compressed class ptrs, parallel gc, windows-amd64)
GC Precious Log:
 CardTable entry size: 512
 CPUs: 8 total, 8 available
 Memory: 7975M
 Large Page Support: Disabled
 NUMA Support: Disabled
 Compressed Oops: Enabled (32-bit)
 Alignments: Space 512K, Generation 512K, Heap 2M
 Heap Min Capacity: 100M
 Heap Initial Capacity: 100M
 Heap Max Capacity: 2G
 Pre-touch: Disabled
 Parallel Workers: 8
Heap:
 PSYoungGen      total 3072K, used 1648K [0x00000000d5580000, 0x00000000d5980000, 0x0000000100000000)
  eden space 2560K, 51% used [0x00000000d5580000,0x00000000d56cc170,0x00000000d5800000)
  from space 512K, 62% used [0x00000000d5880000,0x00000000d58d0000,0x00000000d5900000)
  to   space 512K, 0% used [0x00000000d5900000,0x00000000d5900000,0x00000000d5980000)
 ParOldGen       total 606208K, used 605719K [0x0000000080000000, 0x00000000a5000000, 0x00000000d5580000)
  object space 606208K, 99% used [0x0000000080000000,0x00000000a4f85f68,0x00000000a5000000)
 Metaspace       used 76442K, committed 78016K, reserved 1179648K
  class space    used 8213K, committed 8896K, reserved 1048576K
GC Heap History (20 events):
Event: 265.099 GC heap before
{Heap before GC invocations=1067 (full 3):
 PSYoungGen      total 4608K, used 3595K [0x00000000d5580000, 0x00000000d5b00000, 0x0000000100000000)
  eden space 3072K, 99% used [0x00000000d5580000,0x00000000d587a9e0,0x00000000d5880000)
  from space 1536K, 35% used [0x00000000d5880000,0x00000000d5908540,0x00000000d5a00000)
  to   space 1024K, 0% used [0x00000000d5a00000,0x00000000d5a00000,0x00000000d5b00000)
 ParOldGen       total 603136K, used 602743K [0x0000000080000000, 0x00000000a4d00000, 0x00000000d5580000)
  object space 603136K, 99% used [0x0000000080000000,0x00000000a4c9deb0,0x00000000a4d00000)
 Metaspace       used 74483K, committed 75968K, reserved 1179648K
  class space    used 8000K, committed 8640K, reserved 1048576K
}
Event: 265.105 GC heap after
{Heap after GC invocations=1067 (full 3):
 PSYoungGen      total 3584K, used 279K [0x00000000d5580000, 0x00000000d5a80000, 0x0000000100000000)
  eden space 3072K, 0% used [0x00000000d5580000,0x00000000d5580000,0x00000000d5880000)
  from space 512K, 54% used [0x00000000d5a00000,0x00000000d5a45de0,0x00000000d5a80000)
  to   space 512K, 0% used [0x00000000d5980000,0x00000000d5980000,0x00000000d5a00000)
 ParOldGen       total 603136K, used 603063K [0x0000000080000000, 0x00000000a4d00000, 0x00000000d5580000)
  object space 603136K, 99% used [0x0000000080000000,0x00000000a4cedeb0,0x00000000a4d00000)
 Metaspace       used 74483K, committed 75968K, reserved 1179648K
  class space    used 8000K, committed 8640K, reserved 1048576K
}
Event: 266.038 GC heap before
{Heap before GC invocations=1068 (full 3):
 PSYoungGen      total 3584K, used 3337K [0x00000000d5580000, 0x00000000d5a80000, 0x0000000100000000)
  eden space 3072K, 99% used [0x00000000d5580000,0x00000000d587ca18,0x00000000d5880000)
  from space 512K, 54% used [0x00000000d5a00000,0x00000000d5a45de0,0x00000000d5a80000)
  to   space 512K, 0% used [0x00000000d5980000,0x00000000d5980000,0x00000000d5a00000)
 ParOldGen       total 603136K, used 603063K [0x0000000080000000, 0x00000000a4d00000, 0x00000000d5580000)
  object space 603136K, 99% used [0x0000000080000000,0x00000000a4cedeb0,0x00000000a4d00000)
 Metaspace       used 74961K, committed 76480K, reserved 1179648K
  class space    used 8056K, committed 8704K, reserved 1048576K
}
Event: 266.043 GC heap after
{Heap after GC invocations=1068 (full 3):
 PSYoungGen      total 3584K, used 466K [0x00000000d5580000, 0x00000000d5a80000, 0x0000000100000000)
  eden space 3072K, 0% used [0x00000000d5580000,0x00000000d5580000,0x00000000d5880000)
  from space 512K, 91% used [0x00000000d5980000,0x00000000d59f4820,0x00000000d5a00000)
  to   space 512K, 0% used [0x00000000d5a00000,0x00000000d5a00000,0x00000000d5a80000)
 ParOldGen       total 603648K, used 603159K [0x0000000080000000, 0x00000000a4d80000, 0x00000000d5580000)
  object space 603648K, 99% used [0x0000000080000000,0x00000000a4d05ec0,0x00000000a4d80000)
 Metaspace       used 74961K, committed 76480K, reserved 1179648K
  class space    used 8056K, committed 8704K, reserved 1048576K
}
Event: 266.191 GC heap before
{Heap before GC invocations=1069 (full 3):
 PSYoungGen      total 3584K, used 3538K [0x00000000d5580000, 0x00000000d5a80000, 0x0000000100000000)
  eden space 3072K, 100% used [0x00000000d5580000,0x00000000d5880000,0x00000000d5880000)
  from space 512K, 91% used [0x00000000d5980000,0x00000000d59f4820,0x00000000d5a00000)
  to   space 512K, 0% used [0x00000000d5a00000,0x00000000d5a00000,0x00000000d5a80000)
 ParOldGen       total 603648K, used 603159K [0x0000000080000000, 0x00000000a4d80000, 0x00000000d5580000)
  object space 603648K, 99% used [0x0000000080000000,0x00000000a4d05ec0,0x00000000a4d80000)
 Metaspace       used 75163K, committed 76672K, reserved 1179648K
  class space    used 8078K, committed 8768K, reserved 1048576K
}
Event: 266.200 GC heap after
{Heap after GC invocations=1069 (full 3):
 PSYoungGen      total 3072K, used 503K [0x00000000d5580000, 0x00000000d5c80000, 0x0000000100000000)
  eden space 2560K, 0% used [0x00000000d5580000,0x00000000d5580000,0x00000000d5800000)
  from space 512K, 98% used [0x00000000d5a00000,0x00000000d5a7dcb8,0x00000000d5a80000)
  to   space 2048K, 0% used [0x00000000d5800000,0x00000000d5800000,0x00000000d5a00000)
 ParOldGen       total 604160K, used 604149K [0x0000000080000000, 0x00000000a4e00000, 0x00000000d5580000)
  object space 604160K, 99% used [0x0000000080000000,0x00000000a4dfd6e8,0x00000000a4e00000)
 Metaspace       used 75163K, committed 76672K, reserved 1179648K
  class space    used 8078K, committed 8768K, reserved 1048576K
}
Event: 266.240 GC heap before
{Heap before GC invocations=1070 (full 3):
 PSYoungGen      total 3072K, used 3063K [0x00000000d5580000, 0x00000000d5c80000, 0x0000000100000000)
  eden space 2560K, 100% used [0x00000000d5580000,0x00000000d5800000,0x00000000d5800000)
  from space 512K, 98% used [0x00000000d5a00000,0x00000000d5a7dcb8,0x00000000d5a80000)
  to   space 2048K, 0% used [0x00000000d5800000,0x00000000d5800000,0x00000000d5a00000)
 ParOldGen       total 604160K, used 604149K [0x0000000080000000, 0x00000000a4e00000, 0x00000000d5580000)
  object space 604160K, 99% used [0x0000000080000000,0x00000000a4dfd6e8,0x00000000a4e00000)
 Metaspace       used 75170K, committed 76672K, reserved 1179648K
  class space    used 8078K, committed 8768K, reserved 1048576K
}
Event: 266.245 GC heap after
{Heap after GC invocations=1070 (full 3):
 PSYoungGen      total 3584K, used 956K [0x00000000d5580000, 0x00000000d5b00000, 0x0000000100000000)
  eden space 2560K, 0% used [0x00000000d5580000,0x00000000d5580000,0x00000000d5800000)
  from space 1024K, 93% used [0x00000000d5800000,0x00000000d58ef1c8,0x00000000d5900000)
  to   space 1536K, 0% used [0x00000000d5980000,0x00000000d5980000,0x00000000d5b00000)
 ParOldGen       total 604672K, used 604315K [0x0000000080000000, 0x00000000a4e80000, 0x00000000d5580000)
  object space 604672K, 99% used [0x0000000080000000,0x00000000a4e26cc0,0x00000000a4e80000)
 Metaspace       used 75170K, committed 76672K, reserved 1179648K
  class space    used 8078K, committed 8768K, reserved 1048576K
}
Event: 266.708 GC heap before
{Heap before GC invocations=1071 (full 3):
 PSYoungGen      total 3584K, used 3501K [0x00000000d5580000, 0x00000000d5b00000, 0x0000000100000000)
  eden space 2560K, 99% used [0x00000000d5580000,0x00000000d57fc528,0x00000000d5800000)
  from space 1024K, 93% used [0x00000000d5800000,0x00000000d58ef1c8,0x00000000d5900000)
  to   space 1536K, 0% used [0x00000000d5980000,0x00000000d5980000,0x00000000d5b00000)
 ParOldGen       total 604672K, used 604315K [0x0000000080000000, 0x00000000a4e80000, 0x00000000d5580000)
  object space 604672K, 99% used [0x0000000080000000,0x00000000a4e26cc0,0x00000000a4e80000)
 Metaspace       used 75341K, committed 76864K, reserved 1179648K
  class space    used 8085K, committed 8768K, reserved 1048576K
}
Event: 266.713 GC heap after
{Heap after GC invocations=1071 (full 3):
 PSYoungGen      total 3584K, used 824K [0x00000000d5580000, 0x00000000d5a80000, 0x0000000100000000)
  eden space 2560K, 0% used [0x00000000d5580000,0x00000000d5580000,0x00000000d5800000)
  from space 1024K, 80% used [0x00000000d5980000,0x00000000d5a4e068,0x00000000d5a80000)
  to   space 1024K, 0% used [0x00000000d5800000,0x00000000d5800000,0x00000000d5900000)
 ParOldGen       total 604672K, used 604482K [0x0000000080000000, 0x00000000a4e80000, 0x00000000d5580000)
  object space 604672K, 99% used [0x0000000080000000,0x00000000a4e50ba0,0x00000000a4e80000)
 Metaspace       used 75341K, committed 76864K, reserved 1179648K
  class space    used 8085K, committed 8768K, reserved 1048576K
}
Event: 267.154 GC heap before
{Heap before GC invocations=1072 (full 3):
 PSYoungGen      total 3584K, used 3384K [0x00000000d5580000, 0x00000000d5a80000, 0x0000000100000000)
  eden space 2560K, 100% used [0x00000000d5580000,0x00000000d5800000,0x00000000d5800000)
  from space 1024K, 80% used [0x00000000d5980000,0x00000000d5a4e068,0x00000000d5a80000)
  to   space 1024K, 0% used [0x00000000d5800000,0x00000000d5800000,0x00000000d5900000)
 ParOldGen       total 604672K, used 604482K [0x0000000080000000, 0x00000000a4e80000, 0x00000000d5580000)
  object space 604672K, 99% used [0x0000000080000000,0x00000000a4e50ba0,0x00000000a4e80000)
 Metaspace       used 75562K, committed 77056K, reserved 1179648K
  class space    used 8102K, committed 8768K, reserved 1048576K
}
Event: 267.158 GC heap after
{Heap after GC invocations=1072 (full 3):
 PSYoungGen      total 3584K, used 832K [0x00000000d5580000, 0x00000000d5a00000, 0x0000000100000000)
  eden space 2560K, 0% used [0x00000000d5580000,0x00000000d5580000,0x00000000d5800000)
  from space 1024K, 81% used [0x00000000d5800000,0x00000000d58d0000,0x00000000d5900000)
  to   space 1024K, 0% used [0x00000000d5900000,0x00000000d5900000,0x00000000d5a00000)
 ParOldGen       total 604672K, used 604538K [0x0000000080000000, 0x00000000a4e80000, 0x00000000d5580000)
  object space 604672K, 99% used [0x0000000080000000,0x00000000a4e5eba0,0x00000000a4e80000)
 Metaspace       used 75562K, committed 77056K, reserved 1179648K
  class space    used 8102K, committed 8768K, reserved 1048576K
}
Event: 267.564 GC heap before
{Heap before GC invocations=1073 (full 3):
 PSYoungGen      total 3584K, used 3392K [0x00000000d5580000, 0x00000000d5a00000, 0x0000000100000000)
  eden space 2560K, 100% used [0x00000000d5580000,0x00000000d5800000,0x00000000d5800000)
  from space 1024K, 81% used [0x00000000d5800000,0x00000000d58d0000,0x00000000d5900000)
  to   space 1024K, 0% used [0x00000000d5900000,0x00000000d5900000,0x00000000d5a00000)
 ParOldGen       total 604672K, used 604538K [0x0000000080000000, 0x00000000a4e80000, 0x00000000d5580000)
  object space 604672K, 99% used [0x0000000080000000,0x00000000a4e5eba0,0x00000000a4e80000)
 Metaspace       used 75634K, committed 77120K, reserved 1179648K
  class space    used 8107K, committed 8768K, reserved 1048576K
}
Event: 267.568 GC heap after
{Heap after GC invocations=1073 (full 3):
 PSYoungGen      total 3584K, used 640K [0x00000000d5580000, 0x00000000d5a00000, 0x0000000100000000)
  eden space 2560K, 0% used [0x00000000d5580000,0x00000000d5580000,0x00000000d5800000)
  from space 1024K, 62% used [0x00000000d5900000,0x00000000d59a0000,0x00000000d5a00000)
  to   space 1024K, 0% used [0x00000000d5800000,0x00000000d5800000,0x00000000d5900000)
 ParOldGen       total 605184K, used 604791K [0x0000000080000000, 0x00000000a4f00000, 0x00000000d5580000)
  object space 605184K, 99% used [0x0000000080000000,0x00000000a4e9df68,0x00000000a4f00000)
 Metaspace       used 75634K, committed 77120K, reserved 1179648K
  class space    used 8107K, committed 8768K, reserved 1048576K
}
Event: 267.972 GC heap before
{Heap before GC invocations=1074 (full 3):
 PSYoungGen      total 3584K, used 3200K [0x00000000d5580000, 0x00000000d5a00000, 0x0000000100000000)
  eden space 2560K, 100% used [0x00000000d5580000,0x00000000d5800000,0x00000000d5800000)
  from space 1024K, 62% used [0x00000000d5900000,0x00000000d59a0000,0x00000000d5a00000)
  to   space 1024K, 0% used [0x00000000d5800000,0x00000000d5800000,0x00000000d5900000)
 ParOldGen       total 605184K, used 604791K [0x0000000080000000, 0x00000000a4f00000, 0x00000000d5580000)
  object space 605184K, 99% used [0x0000000080000000,0x00000000a4e9df68,0x00000000a4f00000)
 Metaspace       used 75972K, committed 77504K, reserved 1179648K
  class space    used 8149K, committed 8896K, reserved 1048576K
}
Event: 267.976 GC heap after
{Heap after GC invocations=1074 (full 3):
 PSYoungGen      total 3584K, used 128K [0x00000000d5580000, 0x00000000d5980000, 0x0000000100000000)
  eden space 2560K, 0% used [0x00000000d5580000,0x00000000d5580000,0x00000000d5800000)
  from space 1024K, 12% used [0x00000000d5800000,0x00000000d5820000,0x00000000d5900000)
  to   space 512K, 0% used [0x00000000d5900000,0x00000000d5900000,0x00000000d5980000)
 ParOldGen       total 605696K, used 605343K [0x0000000080000000, 0x00000000a4f80000, 0x00000000d5580000)
  object space 605696K, 99% used [0x0000000080000000,0x00000000a4f27f68,0x00000000a4f80000)
 Metaspace       used 75972K, committed 77504K, reserved 1179648K
  class space    used 8149K, committed 8896K, reserved 1048576K
}
Event: 268.320 GC heap before
{Heap before GC invocations=1075 (full 3):
 PSYoungGen      total 3584K, used 2688K [0x00000000d5580000, 0x00000000d5980000, 0x0000000100000000)
  eden space 2560K, 100% used [0x00000000d5580000,0x00000000d5800000,0x00000000d5800000)
  from space 1024K, 12% used [0x00000000d5800000,0x00000000d5820000,0x00000000d5900000)
  to   space 512K, 0% used [0x00000000d5900000,0x00000000d5900000,0x00000000d5980000)
 ParOldGen       total 605696K, used 605343K [0x0000000080000000, 0x00000000a4f80000, 0x00000000d5580000)
  object space 605696K, 99% used [0x0000000080000000,0x00000000a4f27f68,0x00000000a4f80000)
 Metaspace       used 76205K, committed 77760K, reserved 1179648K
  class space    used 8170K, committed 8896K, reserved 1048576K
}
Event: 268.325 GC heap after
{Heap after GC invocations=1075 (full 3):
 PSYoungGen      total 3072K, used 416K [0x00000000d5580000, 0x00000000d5980000, 0x0000000100000000)
  eden space 2560K, 0% used [0x00000000d5580000,0x00000000d5580000,0x00000000d5800000)
  from space 512K, 81% used [0x00000000d5900000,0x00000000d5968000,0x00000000d5980000)
  to   space 512K, 0% used [0x00000000d5880000,0x00000000d5880000,0x00000000d5900000)
 ParOldGen       total 605696K, used 605415K [0x0000000080000000, 0x00000000a4f80000, 0x00000000d5580000)
  object space 605696K, 99% used [0x0000000080000000,0x00000000a4f39f68,0x00000000a4f80000)
 Metaspace       used 76205K, committed 77760K, reserved 1179648K
  class space    used 8170K, committed 8896K, reserved 1048576K
}
Event: 268.805 GC heap before
{Heap before GC invocations=1076 (full 3):
 PSYoungGen      total 3072K, used 2976K [0x00000000d5580000, 0x00000000d5980000, 0x0000000100000000)
  eden space 2560K, 100% used [0x00000000d5580000,0x00000000d5800000,0x00000000d5800000)
  from space 512K, 81% used [0x00000000d5900000,0x00000000d5968000,0x00000000d5980000)
  to   space 512K, 0% used [0x00000000d5880000,0x00000000d5880000,0x00000000d5900000)
 ParOldGen       total 605696K, used 605415K [0x0000000080000000, 0x00000000a4f80000, 0x00000000d5580000)
  object space 605696K, 99% used [0x0000000080000000,0x00000000a4f39f68,0x00000000a4f80000)
 Metaspace       used 76401K, committed 77952K, reserved 1179648K
  class space    used 8210K, committed 8896K, reserved 1048576K
}
Event: 268.810 GC heap after
{Heap after GC invocations=1076 (full 3):
 PSYoungGen      total 3072K, used 320K [0x00000000d5580000, 0x00000000d5980000, 0x0000000100000000)
  eden space 2560K, 0% used [0x00000000d5580000,0x00000000d5580000,0x00000000d5800000)
  from space 512K, 62% used [0x00000000d5880000,0x00000000d58d0000,0x00000000d5900000)
  to   space 512K, 0% used [0x00000000d5900000,0x00000000d5900000,0x00000000d5980000)
 ParOldGen       total 606208K, used 605719K [0x0000000080000000, 0x00000000a5000000, 0x00000000d5580000)
  object space 606208K, 99% used [0x0000000080000000,0x00000000a4f85f68,0x00000000a5000000)
 Metaspace       used 76401K, committed 77952K, reserved 1179648K
  class space    used 8210K, committed 8896K, reserved 1048576K
}

