# JRE version: OpenJDK Runtime Environment Temurin-17.0.20+8 (17.0.20+8) (build 17.0.20+8)
# Java VM: OpenJDK 64-Bit Server VM Temurin-17.0.20+8 (17.0.20+8, mixed mode, sharing, tiered, compressed oops, compressed class ptrs, g1 gc, windows-amd64)
GC Precious Log:
 CPUs: 8 total, 8 available
 Memory: 7975M
 Large Page Support: Disabled
 NUMA Support: Disabled
 Compressed Oops: Enabled (32-bit)
 Heap Region Size: 1M
 Heap Min Capacity: 8M
 Heap Initial Capacity: 126M
 Heap Max Capacity: 1994M
 Pre-touch: Disabled
 Parallel Workers: 8
 Concurrent Workers: 2
 Concurrent Refinement Workers: 8
 Periodic GC: Disabled
Heap:
 garbage-first heap   total 89088K, used 46220K [0x0000000083600000, 0x0000000100000000)
  region size 1024K, 2 young (2048K), 2 survivors (2048K)
 Metaspace       used 35385K, committed 35712K, reserved 1114112K
  class space    used 4049K, committed 4224K, reserved 1048576K
GC Heap History (20 events):
Event: 41.313 GC heap after
{Heap after GC invocations=29 (full 0):
 garbage-first heap   total 50176K, used 23833K [0x0000000083600000, 0x0000000100000000)
  region size 1024K, 1 young (1024K), 1 survivors (1024K)
 Metaspace       used 28883K, committed 29248K, reserved 1114112K
  class space    used 3273K, committed 3456K, reserved 1048576K
}
Event: 41.858 GC heap before
{Heap before GC invocations=30 (full 0):
 garbage-first heap   total 50176K, used 31001K [0x0000000083600000, 0x0000000100000000)
  region size 1024K, 8 young (8192K), 1 survivors (1024K)
 Metaspace       used 33381K, committed 33728K, reserved 1114112K
  class space    used 3838K, committed 3968K, reserved 1048576K
}
Event: 41.867 GC heap after
{Heap after GC invocations=31 (full 0):
 garbage-first heap   total 50176K, used 27680K [0x0000000083600000, 0x0000000100000000)
  region size 1024K, 3 young (3072K), 3 survivors (3072K)
 Metaspace       used 33381K, committed 33728K, reserved 1114112K
  class space    used 3838K, committed 3968K, reserved 1048576K
}
Event: 42.317 GC heap before
{Heap before GC invocations=32 (full 0):
 garbage-first heap   total 55296K, used 35872K [0x0000000083600000, 0x0000000100000000)
  region size 1024K, 11 young (11264K), 3 survivors (3072K)
 Metaspace       used 34140K, committed 34432K, reserved 1114112K
  class space    used 3902K, committed 4032K, reserved 1048576K
}
Event: 42.326 GC heap after
{Heap after GC invocations=33 (full 0):
 garbage-first heap   total 55296K, used 32265K [0x0000000083600000, 0x0000000100000000)
  region size 1024K, 2 young (2048K), 2 survivors (2048K)
 Metaspace       used 34140K, committed 34432K, reserved 1114112K
  class space    used 3902K, committed 4032K, reserved 1048576K
}
Event: 42.599 GC heap before
{Heap before GC invocations=34 (full 0):
 garbage-first heap   total 58368K, used 41481K [0x0000000083600000, 0x0000000100000000)
  region size 1024K, 10 young (10240K), 2 survivors (2048K)
 Metaspace       used 34191K, committed 34496K, reserved 1114112K
  class space    used 3904K, committed 4032K, reserved 1048576K
}
Event: 42.603 GC heap after
{Heap after GC invocations=35 (full 0):
 garbage-first heap   total 58368K, used 35039K [0x0000000083600000, 0x0000000100000000)
  region size 1024K, 2 young (2048K), 2 survivors (2048K)
 Metaspace       used 34191K, committed 34496K, reserved 1114112K
  class space    used 3904K, committed 4032K, reserved 1048576K
}
Event: 43.066 GC heap before
{Heap before GC invocations=35 (full 0):
 garbage-first heap   total 58368K, used 42207K [0x0000000083600000, 0x0000000100000000)
  region size 1024K, 9 young (9216K), 2 survivors (2048K)
 Metaspace       used 34201K, committed 34496K, reserved 1114112K
  class space    used 3904K, committed 4032K, reserved 1048576K
}
Event: 43.073 GC heap after
{Heap after GC invocations=36 (full 0):
 garbage-first heap   total 77824K, used 37234K [0x0000000083600000, 0x0000000100000000)
  region size 1024K, 2 young (2048K), 2 survivors (2048K)
 Metaspace       used 34201K, committed 34496K, reserved 1114112K
  class space    used 3904K, committed 4032K, reserved 1048576K
}
Event: 43.390 GC heap before
{Heap before GC invocations=37 (full 0):
 garbage-first heap   total 77824K, used 51570K [0x0000000083600000, 0x0000000100000000)
  region size 1024K, 16 young (16384K), 2 survivors (2048K)
 Metaspace       used 34389K, committed 34752K, reserved 1114112K
  class space    used 3929K, committed 4096K, reserved 1048576K
}
Event: 43.399 GC heap after
{Heap after GC invocations=38 (full 0):
 garbage-first heap   total 77824K, used 41644K [0x0000000083600000, 0x0000000100000000)
  region size 1024K, 2 young (2048K), 2 survivors (2048K)
 Metaspace       used 34389K, committed 34752K, reserved 1114112K
  class space    used 3929K, committed 4096K, reserved 1048576K
}
Event: 43.839 GC heap before
{Heap before GC invocations=38 (full 0):
 garbage-first heap   total 77824K, used 49836K [0x0000000083600000, 0x0000000100000000)
  region size 1024K, 11 young (11264K), 2 survivors (2048K)
 Metaspace       used 35327K, committed 35648K, reserved 1114112K
  class space    used 4048K, committed 4224K, reserved 1048576K
}
Event: 43.851 GC heap after
{Heap after GC invocations=39 (full 0):
 garbage-first heap   total 77824K, used 41694K [0x0000000083600000, 0x0000000100000000)
  region size 1024K, 2 young (2048K), 2 survivors (2048K)
 Metaspace       used 35327K, committed 35648K, reserved 1114112K
  class space    used 4048K, committed 4224K, reserved 1048576K
}
Event: 44.275 GC heap before
{Heap before GC invocations=40 (full 0):
 garbage-first heap   total 77824K, used 59102K [0x0000000083600000, 0x0000000100000000)
  region size 1024K, 16 young (16384K), 2 survivors (2048K)
 Metaspace       used 35347K, committed 35712K, reserved 1114112K
  class space    used 4049K, committed 4224K, reserved 1048576K
}
Event: 44.286 GC heap after
{Heap after GC invocations=41 (full 0):
 garbage-first heap   total 77824K, used 47530K [0x0000000083600000, 0x0000000100000000)
  region size 1024K, 2 young (2048K), 2 survivors (2048K)
 Metaspace       used 35347K, committed 35712K, reserved 1114112K
  class space    used 4049K, committed 4224K, reserved 1048576K
}
Event: 44.307 GC heap before
{Heap before GC invocations=41 (full 0):
 garbage-first heap   total 77824K, used 49578K [0x0000000083600000, 0x0000000100000000)
  region size 1024K, 3 young (3072K), 2 survivors (2048K)
 Metaspace       used 35347K, committed 35712K, reserved 1114112K
  class space    used 4049K, committed 4224K, reserved 1048576K
}
Event: 44.313 GC heap after
{Heap after GC invocations=42 (full 0):
 garbage-first heap   total 77824K, used 41473K [0x0000000083600000, 0x0000000100000000)
  region size 1024K, 1 young (1024K), 1 survivors (1024K)
 Metaspace       used 35347K, committed 35712K, reserved 1114112K
  class space    used 4049K, committed 4224K, reserved 1048576K
}
Event: 44.457 GC heap before
{Heap before GC invocations=42 (full 0):
 garbage-first heap   total 77824K, used 46593K [0x0000000083600000, 0x0000000100000000)
  region size 1024K, 7 young (7168K), 1 survivors (1024K)
 Metaspace       used 35383K, committed 35712K, reserved 1114112K
  class space    used 4049K, committed 4224K, reserved 1048576K
}
Event: 44.467 GC heap after
{Heap after GC invocations=43 (full 0):
 garbage-first heap   total 77824K, used 44783K [0x0000000083600000, 0x0000000100000000)
  region size 1024K, 2 young (2048K), 2 survivors (2048K)
 Metaspace       used 35383K, committed 35712K, reserved 1114112K
  class space    used 4049K, committed 4224K, reserved 1048576K
}
Event: 44.746 GC heap before
{Heap before GC invocations=44 (full 0):
 garbage-first heap   total 77824K, used 55023K [0x0000000083600000, 0x0000000100000000)
  region size 1024K, 13 young (13312K), 2 survivors (2048K)
 Metaspace       used 35385K, committed 35712K, reserved 1114112K
  class space    used 4049K, committed 4224K, reserved 1048576K
}

