# JRE version: OpenJDK Runtime Environment Temurin-21.0.11+10 (21.0.11+10) (build 21.0.11+10-LTS)
# Java VM: OpenJDK 64-Bit Server VM Temurin-21.0.11+10 (21.0.11+10-LTS, mixed mode, sharing, tiered, compressed oops, compressed class ptrs, parallel gc, windows-amd64)
GC Precious Log:
 CardTable entry size: 512
 CPUs: 8 total, 8 available
 Memory: 7975M
 Large Page Support: Disabled
 NUMA Support: Disabled
 Compressed Oops: Enabled (32-bit)
 Alignments: Space 512K, Generation 512K, Heap 2M
 Heap Min Capacity: 100M
 Heap Initial Capacity: 100M
 Heap Max Capacity: 2G
 Pre-touch: Disabled
 Parallel Workers: 8
Heap:
 PSYoungGen      total 18944K, used 15931K [0x00000000d5580000, 0x00000000d6b00000, 0x0000000100000000)
  eden space 17408K, 86% used [0x00000000d5580000,0x00000000d6440a40,0x00000000d6680000)
  from space 1536K, 53% used [0x00000000d6800000,0x00000000d68ce568,0x00000000d6980000)
  to   space 1536K, 0% used [0x00000000d6980000,0x00000000d6980000,0x00000000d6b00000)
 ParOldGen       total 68608K, used 66207K [0x0000000080000000, 0x0000000084300000, 0x00000000d5580000)
  object space 68608K, 96% used [0x0000000080000000,0x00000000840a7df0,0x0000000084300000)
 Metaspace       used 65249K, committed 66752K, reserved 1114112K
  class space    used 7073K, committed 7680K, reserved 1048576K
GC Heap History (20 events):
Event: 33.947 GC heap before
{Heap before GC invocations=45 (full 3):
 PSYoungGen      total 18432K, used 17984K [0x00000000d5580000, 0x00000000d6b00000, 0x0000000100000000)
  eden space 17408K, 100% used [0x00000000d5580000,0x00000000d6680000,0x00000000d6680000)
  from space 1024K, 56% used [0x00000000d6980000,0x00000000d6a10000,0x00000000d6a80000)
  to   space 512K, 0% used [0x00000000d6a80000,0x00000000d6a80000,0x00000000d6b00000)
 ParOldGen       total 68608K, used 53953K [0x0000000080000000, 0x0000000084300000, 0x00000000d5580000)
  object space 68608K, 78% used [0x0000000080000000,0x00000000834b0508,0x0000000084300000)
 Metaspace       used 60560K, committed 62016K, reserved 1114112K
  class space    used 6663K, committed 7232K, reserved 1048576K
}
Event: 33.949 GC heap after
{Heap after GC invocations=45 (full 3):
 PSYoungGen      total 17920K, used 506K [0x00000000d5580000, 0x00000000d6b00000, 0x0000000100000000)
  eden space 17408K, 0% used [0x00000000d5580000,0x00000000d5580000,0x00000000d6680000)
  from space 512K, 98% used [0x00000000d6a80000,0x00000000d6afe9b0,0x00000000d6b00000)
  to   space 1536K, 0% used [0x00000000d6800000,0x00000000d6800000,0x00000000d6980000)
 ParOldGen       total 68608K, used 54516K [0x0000000080000000, 0x0000000084300000, 0x00000000d5580000)
  object space 68608K, 79% used [0x0000000080000000,0x000000008353d388,0x0000000084300000)
 Metaspace       used 60560K, committed 62016K, reserved 1114112K
  class space    used 6663K, committed 7232K, reserved 1048576K
}
Event: 34.002 GC heap before
{Heap before GC invocations=46 (full 3):
 PSYoungGen      total 17920K, used 17914K [0x00000000d5580000, 0x00000000d6b00000, 0x0000000100000000)
  eden space 17408K, 100% used [0x00000000d5580000,0x00000000d6680000,0x00000000d6680000)
  from space 512K, 98% used [0x00000000d6a80000,0x00000000d6afe9b0,0x00000000d6b00000)
  to   space 1536K, 0% used [0x00000000d6800000,0x00000000d6800000,0x00000000d6980000)
 ParOldGen       total 68608K, used 54516K [0x0000000080000000, 0x0000000084300000, 0x00000000d5580000)
  object space 68608K, 79% used [0x0000000080000000,0x000000008353d388,0x0000000084300000)
 Metaspace       used 60570K, committed 62016K, reserved 1114112K
  class space    used 6663K, committed 7232K, reserved 1048576K
}
Event: 34.004 GC heap after
{Heap after GC invocations=46 (full 3):
 PSYoungGen      total 18944K, used 1015K [0x00000000d5580000, 0x00000000d6b00000, 0x0000000100000000)
  eden space 17408K, 0% used [0x00000000d5580000,0x00000000d5580000,0x00000000d6680000)
  from space 1536K, 66% used [0x00000000d6800000,0x00000000d68fde08,0x00000000d6980000)
  to   space 1536K, 0% used [0x00000000d6980000,0x00000000d6980000,0x00000000d6b00000)
 ParOldGen       total 68608K, used 55032K [0x0000000080000000, 0x0000000084300000, 0x00000000d5580000)
  object space 68608K, 80% used [0x0000000080000000,0x00000000835be038,0x0000000084300000)
 Metaspace       used 60570K, committed 62016K, reserved 1114112K
  class space    used 6663K, committed 7232K, reserved 1048576K
}
Event: 34.109 GC heap before
{Heap before GC invocations=47 (full 3):
 PSYoungGen      total 18944K, used 18423K [0x00000000d5580000, 0x00000000d6b00000, 0x0000000100000000)
  eden space 17408K, 100% used [0x00000000d5580000,0x00000000d6680000,0x00000000d6680000)
  from space 1536K, 66% used [0x00000000d6800000,0x00000000d68fde08,0x00000000d6980000)
  to   space 1536K, 0% used [0x00000000d6980000,0x00000000d6980000,0x00000000d6b00000)
 ParOldGen       total 68608K, used 55032K [0x0000000080000000, 0x0000000084300000, 0x00000000d5580000)
  object space 68608K, 80% used [0x0000000080000000,0x00000000835be038,0x0000000084300000)
 Metaspace       used 60611K, committed 62016K, reserved 1114112K
  class space    used 6663K, committed 7232K, reserved 1048576K
}
Event: 34.111 GC heap after
{Heap after GC invocations=47 (full 3):
 PSYoungGen      total 18944K, used 1211K [0x00000000d5580000, 0x00000000d6b00000, 0x0000000100000000)
  eden space 17408K, 0% used [0x00000000d5580000,0x00000000d5580000,0x00000000d6680000)
  from space 1536K, 78% used [0x00000000d6980000,0x00000000d6aaed78,0x00000000d6b00000)
  to   space 1536K, 0% used [0x00000000d6800000,0x00000000d6800000,0x00000000d6980000)
 ParOldGen       total 68608K, used 55950K [0x0000000080000000, 0x0000000084300000, 0x00000000d5580000)
  object space 68608K, 81% used [0x0000000080000000,0x00000000836a3828,0x0000000084300000)
 Metaspace       used 60611K, committed 62016K, reserved 1114112K
  class space    used 6663K, committed 7232K, reserved 1048576K
}
Event: 34.437 GC heap before
{Heap before GC invocations=48 (full 3):
 PSYoungGen      total 18944K, used 18619K [0x00000000d5580000, 0x00000000d6b00000, 0x0000000100000000)
  eden space 17408K, 100% used [0x00000000d5580000,0x00000000d6680000,0x00000000d6680000)
  from space 1536K, 78% used [0x00000000d6980000,0x00000000d6aaed78,0x00000000d6b00000)
  to   space 1536K, 0% used [0x00000000d6800000,0x00000000d6800000,0x00000000d6980000)
 ParOldGen       total 68608K, used 55950K [0x0000000080000000, 0x0000000084300000, 0x00000000d5580000)
  object space 68608K, 81% used [0x0000000080000000,0x00000000836a3828,0x0000000084300000)
 Metaspace       used 61575K, committed 62976K, reserved 1114112K
  class space    used 6764K, committed 7360K, reserved 1048576K
}
Event: 34.442 GC heap after
{Heap after GC invocations=48 (full 3):
 PSYoungGen      total 18944K, used 1523K [0x00000000d5580000, 0x00000000d6d80000, 0x0000000100000000)
  eden space 17408K, 0% used [0x00000000d5580000,0x00000000d5580000,0x00000000d6680000)
  from space 1536K, 99% used [0x00000000d6800000,0x00000000d697cd90,0x00000000d6980000)
  to   space 3584K, 0% used [0x00000000d6a00000,0x00000000d6a00000,0x00000000d6d80000)
 ParOldGen       total 68608K, used 57461K [0x0000000080000000, 0x0000000084300000, 0x00000000d5580000)
  object space 68608K, 83% used [0x0000000080000000,0x000000008381d708,0x0000000084300000)
 Metaspace       used 61575K, committed 62976K, reserved 1114112K
  class space    used 6764K, committed 7360K, reserved 1048576K
}
Event: 35.313 GC heap before
{Heap before GC invocations=49 (full 3):
 PSYoungGen      total 18944K, used 18927K [0x00000000d5580000, 0x00000000d6d80000, 0x0000000100000000)
  eden space 17408K, 99% used [0x00000000d5580000,0x00000000d667f180,0x00000000d6680000)
  from space 1536K, 99% used [0x00000000d6800000,0x00000000d697cd90,0x00000000d6980000)
  to   space 3584K, 0% used [0x00000000d6a00000,0x00000000d6a00000,0x00000000d6d80000)
 ParOldGen       total 68608K, used 57461K [0x0000000080000000, 0x0000000084300000, 0x00000000d5580000)
  object space 68608K, 83% used [0x0000000080000000,0x000000008381d708,0x0000000084300000)
 Metaspace       used 63056K, committed 64512K, reserved 1114112K
  class space    used 6882K, committed 7488K, reserved 1048576K
}
Event: 35.320 GC heap after
{Heap after GC invocations=49 (full 3):
 PSYoungGen      total 18944K, used 1496K [0x00000000d5580000, 0x00000000d6b80000, 0x0000000100000000)
  eden space 17408K, 0% used [0x00000000d5580000,0x00000000d5580000,0x00000000d6680000)
  from space 1536K, 97% used [0x00000000d6a00000,0x00000000d6b760c8,0x00000000d6b80000)
  to   space 2048K, 0% used [0x00000000d6780000,0x00000000d6780000,0x00000000d6980000)
 ParOldGen       total 68608K, used 58886K [0x0000000080000000, 0x0000000084300000, 0x00000000d5580000)
  object space 68608K, 85% used [0x0000000080000000,0x00000000839818a8,0x0000000084300000)
 Metaspace       used 63056K, committed 64512K, reserved 1114112K
  class space    used 6882K, committed 7488K, reserved 1048576K
}
Event: 35.658 GC heap before
{Heap before GC invocations=50 (full 3):
 PSYoungGen      total 18944K, used 18904K [0x00000000d5580000, 0x00000000d6b80000, 0x0000000100000000)
  eden space 17408K, 100% used [0x00000000d5580000,0x00000000d6680000,0x00000000d6680000)
  from space 1536K, 97% used [0x00000000d6a00000,0x00000000d6b760c8,0x00000000d6b80000)
  to   space 2048K, 0% used [0x00000000d6780000,0x00000000d6780000,0x00000000d6980000)
 ParOldGen       total 68608K, used 58886K [0x0000000080000000, 0x0000000084300000, 0x00000000d5580000)
  object space 68608K, 85% used [0x0000000080000000,0x00000000839818a8,0x0000000084300000)
 Metaspace       used 63486K, committed 64896K, reserved 1114112K
  class space    used 6908K, committed 7488K, reserved 1048576K
}
Event: 35.660 GC heap after
{Heap after GC invocations=50 (full 3):
 PSYoungGen      total 19456K, used 2045K [0x00000000d5580000, 0x00000000d7180000, 0x0000000100000000)
  eden space 17408K, 0% used [0x00000000d5580000,0x00000000d5580000,0x00000000d6680000)
  from space 2048K, 99% used [0x00000000d6780000,0x00000000d697f5c8,0x00000000d6980000)
  to   space 5632K, 0% used [0x00000000d6c00000,0x00000000d6c00000,0x00000000d7180000)
 ParOldGen       total 68608K, used 61626K [0x0000000080000000, 0x0000000084300000, 0x00000000d5580000)
  object space 68608K, 89% used [0x0000000080000000,0x0000000083c2e900,0x0000000084300000)
 Metaspace       used 63486K, committed 64896K, reserved 1114112K
  class space    used 6908K, committed 7488K, reserved 1048576K
}
Event: 36.357 GC heap before
{Heap before GC invocations=51 (full 3):
 PSYoungGen      total 19456K, used 19453K [0x00000000d5580000, 0x00000000d7180000, 0x0000000100000000)
  eden space 17408K, 100% used [0x00000000d5580000,0x00000000d6680000,0x00000000d6680000)
  from space 2048K, 99% used [0x00000000d6780000,0x00000000d697f5c8,0x00000000d6980000)
  to   space 5632K, 0% used [0x00000000d6c00000,0x00000000d6c00000,0x00000000d7180000)
 ParOldGen       total 68608K, used 61626K [0x0000000080000000, 0x0000000084300000, 0x00000000d5580000)
  object space 68608K, 89% used [0x0000000080000000,0x0000000083c2e900,0x0000000084300000)
 Metaspace       used 63846K, committed 65344K, reserved 1114112K
  class space    used 6955K, committed 7552K, reserved 1048576K
}
Event: 36.362 GC heap after
{Heap after GC invocations=51 (full 3):
 PSYoungGen      total 19456K, used 1984K [0x00000000d5580000, 0x00000000d6e00000, 0x0000000100000000)
  eden space 17408K, 0% used [0x00000000d5580000,0x00000000d5580000,0x00000000d6680000)
  from space 2048K, 96% used [0x00000000d6c00000,0x00000000d6df0000,0x00000000d6e00000)
  to   space 3072K, 0% used [0x00000000d6800000,0x00000000d6800000,0x00000000d6b00000)
 ParOldGen       total 68608K, used 62033K [0x0000000080000000, 0x0000000084300000, 0x00000000d5580000)
  object space 68608K, 90% used [0x0000000080000000,0x0000000083c94680,0x0000000084300000)
 Metaspace       used 63846K, committed 65344K, reserved 1114112K
  class space    used 6955K, committed 7552K, reserved 1048576K
}
Event: 37.624 GC heap before
{Heap before GC invocations=52 (full 3):
 PSYoungGen      total 19456K, used 19392K [0x00000000d5580000, 0x00000000d6e00000, 0x0000000100000000)
  eden space 17408K, 100% used [0x00000000d5580000,0x00000000d6680000,0x00000000d6680000)
  from space 2048K, 96% used [0x00000000d6c00000,0x00000000d6df0000,0x00000000d6e00000)
  to   space 3072K, 0% used [0x00000000d6800000,0x00000000d6800000,0x00000000d6b00000)
 ParOldGen       total 68608K, used 62033K [0x0000000080000000, 0x0000000084300000, 0x00000000d5580000)
  object space 68608K, 90% used [0x0000000080000000,0x0000000083c94680,0x0000000084300000)
 Metaspace       used 64145K, committed 65536K, reserved 1114112K
  class space    used 6993K, committed 7552K, reserved 1048576K
}
Event: 37.630 GC heap after
{Heap after GC invocations=52 (full 3):
 PSYoungGen      total 18944K, used 1536K [0x00000000d5580000, 0x00000000d6c80000, 0x0000000100000000)
  eden space 17408K, 0% used [0x00000000d5580000,0x00000000d5580000,0x00000000d6680000)
  from space 1536K, 100% used [0x00000000d6800000,0x00000000d6980000,0x00000000d6980000)
  to   space 2048K, 0% used [0x00000000d6a80000,0x00000000d6a80000,0x00000000d6c80000)
 ParOldGen       total 68608K, used 63829K [0x0000000080000000, 0x0000000084300000, 0x00000000d5580000)
  object space 68608K, 93% used [0x0000000080000000,0x0000000083e55480,0x0000000084300000)
 Metaspace       used 64145K, committed 65536K, reserved 1114112K
  class space    used 6993K, committed 7552K, reserved 1048576K
}
Event: 37.869 GC heap before
{Heap before GC invocations=53 (full 3):
 PSYoungGen      total 18944K, used 18944K [0x00000000d5580000, 0x00000000d6c80000, 0x0000000100000000)
  eden space 17408K, 100% used [0x00000000d5580000,0x00000000d6680000,0x00000000d6680000)
  from space 1536K, 100% used [0x00000000d6800000,0x00000000d6980000,0x00000000d6980000)
  to   space 2048K, 0% used [0x00000000d6a80000,0x00000000d6a80000,0x00000000d6c80000)
 ParOldGen       total 68608K, used 63829K [0x0000000080000000, 0x0000000084300000, 0x00000000d5580000)
  object space 68608K, 93% used [0x0000000080000000,0x0000000083e55480,0x0000000084300000)
 Metaspace       used 64375K, committed 65792K, reserved 1114112K
  class space    used 6996K, committed 7552K, reserved 1048576K
}
Event: 37.872 GC heap after
{Heap after GC invocations=53 (full 3):
 PSYoungGen      total 18944K, used 1424K [0x00000000d5580000, 0x00000000d6c00000, 0x0000000100000000)
  eden space 17408K, 0% used [0x00000000d5580000,0x00000000d5580000,0x00000000d6680000)
  from space 1536K, 92% used [0x00000000d6a80000,0x00000000d6be4010,0x00000000d6c00000)
  to   space 1536K, 0% used [0x00000000d6800000,0x00000000d6800000,0x00000000d6980000)
 ParOldGen       total 68608K, used 65215K [0x0000000080000000, 0x0000000084300000, 0x00000000d5580000)
  object space 68608K, 95% used [0x0000000080000000,0x0000000083fafdf0,0x0000000084300000)
 Metaspace       used 64375K, committed 65792K, reserved 1114112K
  class space    used 6996K, committed 7552K, reserved 1048576K
}
Event: 39.677 GC heap before
{Heap before GC invocations=54 (full 3):
 PSYoungGen      total 18944K, used 18748K [0x00000000d5580000, 0x00000000d6c00000, 0x0000000100000000)
  eden space 17408K, 99% used [0x00000000d5580000,0x00000000d666b058,0x00000000d6680000)
  from space 1536K, 92% used [0x00000000d6a80000,0x00000000d6be4010,0x00000000d6c00000)
  to   space 1536K, 0% used [0x00000000d6800000,0x00000000d6800000,0x00000000d6980000)
 ParOldGen       total 68608K, used 65215K [0x0000000080000000, 0x0000000084300000, 0x00000000d5580000)
  object space 68608K, 95% used [0x0000000080000000,0x0000000083fafdf0,0x0000000084300000)
 Metaspace       used 64864K, committed 66304K, reserved 1114112K
  class space    used 7042K, committed 7616K, reserved 1048576K
}
Event: 39.680 GC heap after
{Heap after GC invocations=54 (full 3):
 PSYoungGen      total 18944K, used 825K [0x00000000d5580000, 0x00000000d6b00000, 0x0000000100000000)
  eden space 17408K, 0% used [0x00000000d5580000,0x00000000d5580000,0x00000000d6680000)
  from space 1536K, 53% used [0x00000000d6800000,0x00000000d68ce568,0x00000000d6980000)
  to   space 1536K, 0% used [0x00000000d6980000,0x00000000d6980000,0x00000000d6b00000)
 ParOldGen       total 68608K, used 66207K [0x0000000080000000, 0x0000000084300000, 0x00000000d5580000)
  object space 68608K, 96% used [0x0000000080000000,0x00000000840a7df0,0x0000000084300000)
 Metaspace       used 64864K, committed 66304K, reserved 1114112K
  class space    used 7042K, committed 7616K, reserved 1048576K
}

