<?xml version="1.0" encoding="UTF-8"?>
<testsuite xmlns:xsi="http://www.w3.org/2001/XMLSchema-instance" xsi:noNamespaceSchemaLocation="https://maven.apache.org/surefire/maven-surefire-plugin/xsd/surefire-test-report.xsd" version="3.0.2" name="com.example.orderproducer.IntegrationTest" time="15.983" tests="1" errors="0" skipped="0" failures="0">
  <properties>
[...]
</properties>
  <testcase name="publishAndConsume_shouldDeliverToAllSubscribers" classname="com.example.orderproducer.IntegrationTest" time="0.626">
    <system-out><![CDATA[20:43:56.952 [main] INFO org.testcontainers.utility.ImageNameSubstitutor -- Image name substitution will be performed by: DefaultImageNameSubstitutor (composite of 'ConfigurationFileImageNameSubstitutor' and 'PrefixingImageNameSubstitutor')
20:43:57.255 [main] INFO org.testcontainers.dockerclient.DockerClientProviderStrategy -- Loaded org.testcontainers.dockerclient.NpipeSocketClientProviderStrategy from ~/.testcontainers.properties, will try it first
20:43:57.588 [main] INFO org.testcontainers.dockerclient.DockerClientProviderStrategy -- Found Docker environment with local Npipe socket (npipe:////./pipe/docker_engine)
20:43:57.590 [main] INFO org.testcontainers.DockerClientFactory -- Docker host IP address is localhost
20:43:57.618 [main] INFO org.testcontainers.DockerClientFactory -- Connected to docker: 
  Server Version: 28.3.2
  API Version: 1.51
  Operating System: Docker Desktop
  Total Memory: 7590 MB
20:43:57.787 [main] INFO tc.testcontainers/ryuk:0.5.1 -- Creating container for image: testcontainers/ryuk:0.5.1
20:43:58.050 [main] INFO org.testcontainers.utility.RegistryAuthLocator -- Credential helper/store (docker-credential-desktop) does not have credentials for https://index.docker.io/v1/
20:43:58.225 [main] INFO tc.testcontainers/ryuk:0.5.1 -- Container testcontainers/ryuk:0.5.1 is starting: cc058dbf5f955675418ca86fefbc1fca9e4857cedca95a34b950b4be8ef5248a
20:43:58.797 [main] INFO tc.testcontainers/ryuk:0.5.1 -- Container testcontainers/ryuk:0.5.1 started in PT1.1700368S
20:43:58.809 [main] INFO org.testcontainers.utility.RyukResourceReaper -- Ryuk started - will monitor and terminate Testcontainers containers on JVM exit
20:43:58.810 [main] INFO org.testcontainers.DockerClientFactory -- Checking the system...
20:43:58.810 [main] INFO org.testcontainers.DockerClientFactory -- ✔︎ Docker server version should be at least 1.6.0
20:43:58.811 [main] INFO tc.rabbitmq:3.9-management -- Creating container for image: rabbitmq:3.9-management
20:43:58.960 [main] INFO tc.rabbitmq:3.9-management -- Container rabbitmq:3.9-management is starting: c855965031b37ee7a4f76b6a5e813b0a1090a3f08343fd71a5055b9b8ef620ad
20:44:11.001 [main] INFO tc.rabbitmq:3.9-management -- Container rabbitmq:3.9-management started in PT12.1895354S
20:44:11.244 [main] INFO org.springframework.amqp.rabbit.connection.CachingConnectionFactory -- Attempting to connect to: localhost:51170
20:44:11.310 [main] INFO org.springframework.amqp.rabbit.connection.CachingConnectionFactory -- Created new connection: SpringAMQP#889d9e8:0/SimpleConnection@474fae39 [delegate=amqp://guest@127.0.0.1:51170/, localPort=51173]
]]></system-out>
  </testcase>
</testsuite>